<?xml version="1.0" encoding="UTF-8"?>
<!-- Generated by org.testng.reporters.JUnitReportReporter -->
<testsuite hostname="3C48NQ3" failures="0" tests="3" name="priority.TestNGPriorityDemo" time="0.017" errors="0" timestamp="2024-07-16T17:27:03 IST" skipped="0">
  <testcase classname="priority.TestNGPriorityDemo" name="test2" time="0.013"/>
  <testcase classname="priority.TestNGPriorityDemo" name="test1" time="0.002"/>
  <testcase classname="priority.TestNGPriorityDemo" name="test3" time="0.002"/>
</testsuite> <!-- priority.TestNGPriorityDemo -->
