<?xml version="1.0" encoding="UTF-8"?>
<!-- Generated by org.testng.reporters.JUnitReportReporter -->
<testsuite hostname="3C48NQ3" failures="0" tests="2" name="demo.TestNGGroupsDemo" time="0.007" errors="0" timestamp="2024-07-19T13:17:25 IST" skipped="0">
  <testcase classname="demo.TestNGGroupsDemo" name="test2" time="0.006"/>
  <testcase classname="demo.TestNGGroupsDemo" name="test3" time="0.001"/>
</testsuite> <!-- demo.TestNGGroupsDemo -->
