<?xml version="1.0" encoding="UTF-8"?>
<!-- Generated by org.testng.reporters.JUnitReportReporter -->
<testsuite hostname="3C48NQ3" failures="0" tests="1" name="test.TestNG_Demo2" time="26.216" errors="0" timestamp="2024-07-05T13:08:09 IST" skipped="0">
  <testcase classname="test.TestNG_Demo2" name="googleSearch2" time="26.216"/>
</testsuite> <!-- test.TestNG_Demo2 -->
