<?xml version="1.0" encoding="UTF-8"?>
<!-- Generated by org.testng.reporters.JUnitReportReporter -->
<testsuite hostname="3C48NQ3" failures="0" tests="2" name="test.ExtentReportDemoTestNG" time="5.268" errors="0" timestamp="2024-07-04T17:10:45 IST" skipped="0">
  <testcase classname="test.ExtentReportDemoTestNG" name="test2" time="0.003"/>
  <testcase classname="test.ExtentReportDemoTestNG" name="test1" time="5.265"/>
</testsuite> <!-- test.ExtentReportDemoTestNG -->
