<?xml version="1.0" encoding="UTF-8"?>
<!-- Generated by org.testng.reporters.JUnitReportReporter -->
<testsuite hostname="3C48NQ3" failures="0" tests="1" name="demo.TestNGParametersDemo" time="0.017" errors="0" timestamp="2024-07-23T14:53:46 IST" skipped="0">
  <testcase classname="demo.TestNGParametersDemo" name="test" time="0.017"/>
</testsuite> <!-- demo.TestNGParametersDemo -->
