<?xml version="1.0" encoding="UTF-8"?>
<!-- Generated by org.testng.reporters.JUnitReportReporter -->
<testsuite hostname="3C48NQ3" failures="0" tests="2" name="demo.TestNgIgnoreDemo" time="0.010" errors="0" timestamp="2024-07-23T15:17:25 IST" skipped="1">
  <testcase classname="demo.TestNgIgnoreDemo" name="test2" time="0.010"/>
  <testcase classname="demo.TestNgIgnoreDemo" name="test1">
    <skipped/>
  </testcase> <!-- test1 -->
</testsuite> <!-- demo.TestNgIgnoreDemo -->
