<?xml version="1.0" encoding="UTF-8"?>
<!-- Generated by org.testng.reporters.JUnitReportReporter -->
<testsuite hostname="3C48NQ3" failures="0" tests="3" name="listeners.TestNGListenerDemo2" time="0.003" errors="0" timestamp="2024-07-16T15:23:14 IST" skipped="1">
  <testcase classname="listeners.TestNGListenerDemo2" name="test5" time="0.001"/>
  <testcase classname="listeners.TestNGListenerDemo2" name="test4" time="0.001"/>
  <testcase classname="listeners.TestNGListenerDemo2" name="test6" time="0.001">
    <skipped/>
  </testcase> <!-- test6 -->
</testsuite> <!-- listeners.TestNGListenerDemo2 -->
