<?xml version="1.0" encoding="UTF-8"?>
<!-- Generated by org.testng.reporters.JUnitReportReporter -->
<testsuite hostname="3C48NQ3" failures="0" tests="1" name="test.TestNG_Demo" time="5.672" errors="0" timestamp="2024-07-10T11:23:00 IST" skipped="0">
  <testcase classname="test.TestNG_Demo" name="googleSearch" time="5.672"/>
</testsuite> <!-- test.TestNG_Demo -->
