<?xml version="1.0" encoding="UTF-8"?>
<!-- Generated by org.testng.reporters.JUnitReportReporter -->
<testsuite hostname="3C48NQ3" failures="0" tests="3" name="demo.TestNGDependencyDemo" time="0.017" errors="0" timestamp="2024-07-23T15:08:23 IST" skipped="0">
  <testcase classname="demo.TestNGDependencyDemo" name="test3" time="0.003"/>
  <testcase classname="demo.TestNGDependencyDemo" name="test1" time="0.002"/>
  <testcase classname="demo.TestNGDependencyDemo" name="test2" time="0.012"/>
</testsuite> <!-- demo.TestNGDependencyDemo -->
