<?xml version="1.0" encoding="UTF-8"?>
<!-- Generated by org.testng.reporters.JUnitReportReporter -->
<testsuite hostname="3C48NQ3" failures="0" tests="3" name="utils.ExcelDataProvider" time="13.852" errors="0" timestamp="2024-07-15T13:31:11 IST" skipped="0">
  <testcase classname="utils.ExcelDataProvider" name="test1" time="3.975"/>
  <testcase classname="utils.ExcelDataProvider" name="test1" time="6.002"/>
  <testcase classname="utils.ExcelDataProvider" name="test1" time="3.875"/>
</testsuite> <!-- utils.ExcelDataProvider -->
