<?xml version="1.0" encoding="UTF-8"?>
<!-- Generated by org.testng.reporters.JUnitReportReporter -->
<testsuite hostname="3C48NQ3" failures="0" tests="2" name="ParallelTesting.TestNGMultiBrowserDemo" time="11.975" errors="0" timestamp="2024-07-29T16:33:21 IST" skipped="0">
  <testcase classname="ParallelTesting.TestNGMultiBrowserDemo" name="test1" time="5.199"/>
  <testcase classname="ParallelTesting.TestNGMultiBrowserDemo" name="test1" time="6.776"/>
</testsuite> <!-- ParallelTesting.TestNGMultiBrowserDemo -->
